<?xml version="1.0" encoding="UTF-8"?>
<!-- Generated by org.testng.reporters.JUnitXMLReporter -->
<testsuite ignored="0" hostname="LAPTOP-A17NR9K5" failures="0" tests="6" name="Lab Refactor" time="24.206" errors="0" timestamp="2026-03-17T14:41:18 ICT">
  <testcase classname="com.hcmunre.tests.RefactoredClassicTest" name="testAddItemToCart" time="0.358"/>
  <testcase classname="com.hcmunre.tests.RefactoredClassicTest" name="testContinueShopping" time="0.384"/>
  <testcase classname="com.hcmunre.tests.RefactoredClassicTest" name="testLoginEmptyUsername" time="0.227"/>
  <testcase classname="com.hcmunre.tests.RefactoredClassicTest" name="testLoginSuccess" time="0.248"/>
  <testcase classname="com.hcmunre.tests.RefactoredClassicTest" name="testLoginWrongPassword" time="0.246"/>
  <testcase classname="com.hcmunre.tests.RefactoredClassicTest" name="testRemoveItemFromCart" time="7.441"/>
</testsuite> <!-- Lab Refactor -->
