<?xml version="1.0" encoding="UTF-8"?>
<!-- Generated by org.testng.reporters.JUnitReportReporter -->
<testsuite hostname="LAPTOP-A17NR9K5" failures="0" tests="6" name="com.hcmunre.tests.RefactoredClassicTest" time="24.186" errors="0" timestamp="2026-03-17T14:41:18 ICT" skipped="0">
  <testcase classname="com.hcmunre.tests.RefactoredClassicTest" name="testLoginWrongPassword" time="1.506"/>
  <testcase classname="com.hcmunre.tests.RefactoredClassicTest" name="testContinueShopping" time="3.252"/>
  <testcase classname="com.hcmunre.tests.RefactoredClassicTest" name="testLoginSuccess" time="2.771"/>
  <testcase classname="com.hcmunre.tests.RefactoredClassicTest" name="testLoginEmptyUsername" time="1.556"/>
  <testcase classname="com.hcmunre.tests.RefactoredClassicTest" name="testRemoveItemFromCart" time="12.487"/>
  <testcase classname="com.hcmunre.tests.RefactoredClassicTest" name="testAddItemToCart" time="2.614"/>
</testsuite> <!-- com.hcmunre.tests.RefactoredClassicTest -->
