<?xml version="1.0" encoding="UTF-8"?>
<testng-results ignored="0" total="6" passed="6" failed="0" skipped="0">
  <reporter-output>
  </reporter-output>
  <suite started-at="2026-03-17T14:40:53 ICT" name="SauceDemo Test Suite" finished-at="2026-03-17T14:41:18 ICT" duration-ms="24283">
    <groups>
      <group name="regression">
        <method signature="LoginDataDrivenTest.testLoginBoundary(java.lang.String,java.lang.String,java.lang.String,java.lang.String)[pri:0, instance:com.hcmunre.tests.LoginDataDrivenTest@48f2bd5b]" name="testLoginBoundary" class="com.hcmunre.tests.LoginDataDrivenTest"/>
        <method signature="LoginDataDrivenTest.testLoginNegative(java.lang.String,java.lang.String,java.lang.String,java.lang.String)[pri:0, instance:com.hcmunre.tests.LoginDataDrivenTest@48f2bd5b]" name="testLoginNegative" class="com.hcmunre.tests.LoginDataDrivenTest"/>
      </group> <!-- regression -->
      <group name="smoke">
        <method signature="LoginDataDrivenTest.testLoginSmoke(java.lang.String,java.lang.String,java.lang.String,java.lang.String)[pri:0, instance:com.hcmunre.tests.LoginDataDrivenTest@4466af20]" name="testLoginSmoke" class="com.hcmunre.tests.LoginDataDrivenTest"/>
        <method signature="LoginDataDrivenTest.testLoginSmoke(java.lang.String,java.lang.String,java.lang.String,java.lang.String)[pri:0, instance:com.hcmunre.tests.LoginDataDrivenTest@48f2bd5b]" name="testLoginSmoke" class="com.hcmunre.tests.LoginDataDrivenTest"/>
      </group> <!-- smoke -->
    </groups>
    <test started-at="2026-03-17T14:40:53 ICT" name="Smoke Tests" finished-at="2026-03-17T14:40:53 ICT" duration-ms="30">
    </test> <!-- Smoke Tests -->
    <test started-at="2026-03-17T14:40:53 ICT" name="Regression Tests" finished-at="2026-03-17T14:40:53 ICT" duration-ms="7">
    </test> <!-- Regression Tests -->
    <test started-at="2026-03-17T14:40:53 ICT" name="Lab Refactor" finished-at="2026-03-17T14:41:18 ICT" duration-ms="24206">
      <class name="com.hcmunre.tests.RefactoredClassicTest">
        <test-method is-config="true" signature="setUp()[pri:0, instance:com.hcmunre.tests.RefactoredClassicTest@7b98f307]" started-at="2026-03-17T14:40:53 ICT" name="setUp" finished-at="2026-03-17T14:40:57 ICT" duration-ms="3504" status="PASS">
          <reporter-output>
          </reporter-output>
        </test-method> <!-- setUp -->
        <test-method is-config="true" signature="setup()[pri:0, instance:com.hcmunre.tests.RefactoredClassicTest@7b98f307]" started-at="2026-03-17T14:40:57 ICT" name="setup" finished-at="2026-03-17T14:40:59 ICT" duration-ms="2131" status="PASS">
          <reporter-output>
          </reporter-output>
        </test-method> <!-- setup -->
        <test-method signature="testAddItemToCart()[pri:0, instance:com.hcmunre.tests.RefactoredClassicTest@7b98f307]" started-at="2026-03-17T14:40:59 ICT" name="testAddItemToCart" description="Refactored: Thêm sản phẩm vào giỏ hàng - kiểm tra badge" finished-at="2026-03-17T14:40:59 ICT" duration-ms="358" status="PASS">
          <reporter-output>
          </reporter-output>
        </test-method> <!-- testAddItemToCart -->
        <test-method is-config="true" signature="tearDown()[pri:0, instance:com.hcmunre.tests.RefactoredClassicTest@7b98f307]" started-at="2026-03-17T14:40:59 ICT" name="tearDown" finished-at="2026-03-17T14:40:59 ICT" duration-ms="134" status="PASS">
          <reporter-output>
          </reporter-output>
        </test-method> <!-- tearDown -->
        <test-method is-config="true" signature="setUp()[pri:0, instance:com.hcmunre.tests.RefactoredClassicTest@7b98f307]" started-at="2026-03-17T14:40:59 ICT" name="setUp" finished-at="2026-03-17T14:41:00 ICT" duration-ms="638" status="PASS">
          <reporter-output>
          </reporter-output>
        </test-method> <!-- setUp -->
        <test-method is-config="true" signature="setup()[pri:0, instance:com.hcmunre.tests.RefactoredClassicTest@7b98f307]" started-at="2026-03-17T14:41:00 ICT" name="setup" finished-at="2026-03-17T14:41:01 ICT" duration-ms="541" status="PASS">
          <reporter-output>
          </reporter-output>
        </test-method> <!-- setup -->
        <test-method signature="testContinueShopping()[pri:0, instance:com.hcmunre.tests.RefactoredClassicTest@7b98f307]" started-at="2026-03-17T14:41:01 ICT" name="testContinueShopping" description="Refactored: Nút Continue Shopping" finished-at="2026-03-17T14:41:01 ICT" duration-ms="384" status="PASS">
          <reporter-output>
          </reporter-output>
        </test-method> <!-- testContinueShopping -->
        <test-method is-config="true" signature="tearDown()[pri:0, instance:com.hcmunre.tests.RefactoredClassicTest@7b98f307]" started-at="2026-03-17T14:41:01 ICT" name="tearDown" finished-at="2026-03-17T14:41:01 ICT" duration-ms="117" status="PASS">
          <reporter-output>
          </reporter-output>
        </test-method> <!-- tearDown -->
        <test-method is-config="true" signature="setUp()[pri:0, instance:com.hcmunre.tests.RefactoredClassicTest@7b98f307]" started-at="2026-03-17T14:41:01 ICT" name="setUp" finished-at="2026-03-17T14:41:02 ICT" duration-ms="622" status="PASS">
          <reporter-output>
          </reporter-output>
        </test-method> <!-- setUp -->
        <test-method is-config="true" signature="setup()[pri:0, instance:com.hcmunre.tests.RefactoredClassicTest@7b98f307]" started-at="2026-03-17T14:41:02 ICT" name="setup" finished-at="2026-03-17T14:41:03 ICT" duration-ms="1376" status="PASS">
          <reporter-output>
          </reporter-output>
        </test-method> <!-- setup -->
        <test-method signature="testLoginEmptyUsername()[pri:0, instance:com.hcmunre.tests.RefactoredClassicTest@7b98f307]" started-at="2026-03-17T14:41:03 ICT" name="testLoginEmptyUsername" description="Refactored: Bỏ trống username" finished-at="2026-03-17T14:41:03 ICT" duration-ms="227" status="PASS">
          <reporter-output>
          </reporter-output>
        </test-method> <!-- testLoginEmptyUsername -->
        <test-method is-config="true" signature="tearDown()[pri:0, instance:com.hcmunre.tests.RefactoredClassicTest@7b98f307]" started-at="2026-03-17T14:41:03 ICT" name="tearDown" finished-at="2026-03-17T14:41:03 ICT" duration-ms="110" status="PASS">
          <reporter-output>
          </reporter-output>
        </test-method> <!-- tearDown -->
        <test-method is-config="true" signature="setUp()[pri:0, instance:com.hcmunre.tests.RefactoredClassicTest@7b98f307]" started-at="2026-03-17T14:41:03 ICT" name="setUp" finished-at="2026-03-17T14:41:04 ICT" duration-ms="631" status="PASS">
          <reporter-output>
          </reporter-output>
        </test-method> <!-- setUp -->
        <test-method is-config="true" signature="setup()[pri:0, instance:com.hcmunre.tests.RefactoredClassicTest@7b98f307]" started-at="2026-03-17T14:41:04 ICT" name="setup" finished-at="2026-03-17T14:41:06 ICT" duration-ms="1784" status="PASS">
          <reporter-output>
          </reporter-output>
        </test-method> <!-- setup -->
        <test-method signature="testLoginSuccess()[pri:0, instance:com.hcmunre.tests.RefactoredClassicTest@7b98f307]" started-at="2026-03-17T14:41:06 ICT" name="testLoginSuccess" description="Refactored: Đăng nhập thành công với tài khoản hợp lệ" finished-at="2026-03-17T14:41:06 ICT" duration-ms="248" status="PASS">
          <reporter-output>
          </reporter-output>
        </test-method> <!-- testLoginSuccess -->
        <test-method is-config="true" signature="tearDown()[pri:0, instance:com.hcmunre.tests.RefactoredClassicTest@7b98f307]" started-at="2026-03-17T14:41:06 ICT" name="tearDown" finished-at="2026-03-17T14:41:06 ICT" duration-ms="114" status="PASS">
          <reporter-output>
          </reporter-output>
        </test-method> <!-- tearDown -->
        <test-method is-config="true" signature="setUp()[pri:0, instance:com.hcmunre.tests.RefactoredClassicTest@7b98f307]" started-at="2026-03-17T14:41:06 ICT" name="setUp" finished-at="2026-03-17T14:41:07 ICT" duration-ms="627" status="PASS">
          <reporter-output>
          </reporter-output>
        </test-method> <!-- setUp -->
        <test-method is-config="true" signature="setup()[pri:0, instance:com.hcmunre.tests.RefactoredClassicTest@7b98f307]" started-at="2026-03-17T14:41:07 ICT" name="setup" finished-at="2026-03-17T14:41:08 ICT" duration-ms="1491" status="PASS">
          <reporter-output>
          </reporter-output>
        </test-method> <!-- setup -->
        <test-method signature="testLoginWrongPassword()[pri:0, instance:com.hcmunre.tests.RefactoredClassicTest@7b98f307]" started-at="2026-03-17T14:41:08 ICT" name="testLoginWrongPassword" description="Refactored: Đăng nhập sai mật khẩu" finished-at="2026-03-17T14:41:09 ICT" duration-ms="246" status="PASS">
          <reporter-output>
          </reporter-output>
        </test-method> <!-- testLoginWrongPassword -->
        <test-method is-config="true" signature="tearDown()[pri:0, instance:com.hcmunre.tests.RefactoredClassicTest@7b98f307]" started-at="2026-03-17T14:41:09 ICT" name="tearDown" finished-at="2026-03-17T14:41:09 ICT" duration-ms="151" status="PASS">
          <reporter-output>
          </reporter-output>
        </test-method> <!-- tearDown -->
        <test-method is-config="true" signature="setUp()[pri:0, instance:com.hcmunre.tests.RefactoredClassicTest@7b98f307]" started-at="2026-03-17T14:41:09 ICT" name="setUp" finished-at="2026-03-17T14:41:09 ICT" duration-ms="605" status="PASS">
          <reporter-output>
          </reporter-output>
        </test-method> <!-- setUp -->
        <test-method is-config="true" signature="setup()[pri:0, instance:com.hcmunre.tests.RefactoredClassicTest@7b98f307]" started-at="2026-03-17T14:41:09 ICT" name="setup" finished-at="2026-03-17T14:41:10 ICT" duration-ms="540" status="PASS">
          <reporter-output>
          </reporter-output>
        </test-method> <!-- setup -->
        <test-method signature="testRemoveItemFromCart()[pri:0, instance:com.hcmunre.tests.RefactoredClassicTest@7b98f307]" started-at="2026-03-17T14:41:10 ICT" name="testRemoveItemFromCart" description="Refactored: Xóa sản phẩm khỏi giỏ hàng" finished-at="2026-03-17T14:41:17 ICT" duration-ms="7441" status="PASS">
          <reporter-output>
          </reporter-output>
        </test-method> <!-- testRemoveItemFromCart -->
        <test-method is-config="true" signature="tearDown()[pri:0, instance:com.hcmunre.tests.RefactoredClassicTest@7b98f307]" started-at="2026-03-17T14:41:17 ICT" name="tearDown" finished-at="2026-03-17T14:41:18 ICT" duration-ms="166" status="PASS">
          <reporter-output>
          </reporter-output>
        </test-method> <!-- tearDown -->
      </class> <!-- com.hcmunre.tests.RefactoredClassicTest -->
    </test> <!-- Lab Refactor -->
  </suite> <!-- SauceDemo Test Suite -->
</testng-results>
